[debug] [2024-04-30T19:40:43.979Z] ----------------------------------------------------------------------
[debug] [2024-04-30T19:40:43.981Z] Command:       C:\Program Files\nodejs\node.exe C:\Users\Admin\AppData\Roaming\npm\node_modules\firebase-tools\lib\bin\firebase.js init
[debug] [2024-04-30T19:40:43.982Z] CLI Version:   13.7.5
[debug] [2024-04-30T19:40:43.982Z] Platform:      win32
[debug] [2024-04-30T19:40:43.982Z] Node Version:  v20.12.0
[debug] [2024-04-30T19:40:43.982Z] Time:          Wed May 01 2024 01:10:43 GMT+0530 (India Standard Time)
[debug] [2024-04-30T19:40:43.982Z] ----------------------------------------------------------------------
[debug] 
[debug] [2024-04-30T19:40:43.987Z] > command requires scopes: ["email","openid","https://www.googleapis.com/auth/cloudplatformprojects.readonly","https://www.googleapis.com/auth/firebase","https://www.googleapis.com/auth/cloud-platform"]
[debug] [2024-04-30T19:40:43.988Z] > authorizing via signed-in user (vaseekaranck@gmail.com)
[info] 
     ######## #### ########  ######## ########     ###     ######  ########
     ##        ##  ##     ## ##       ##     ##  ##   ##  ##       ##
     ######    ##  ########  ######   ########  #########  ######  ######
     ##        ##  ##    ##  ##       ##     ## ##     ##       ## ##
     ##       #### ##     ## ######## ########  ##     ##  ######  ########

You're about to initialize a Firebase project in this directory:

  C:\Users\Admin\PycharmProjects\project0

[info] 
=== Project Setup
[info] 
[info] First, let's associate this project directory with a Firebase project.
[info] You can create multiple project aliases by running firebase use --add, 
[info] but for now we'll just set up a default project.
[info] 
[debug] [2024-04-30T19:41:15.252Z] >>> [apiv2][query] GET https://firebase.googleapis.com/v1beta1/projects pageSize=100
[debug] [2024-04-30T19:41:16.057Z] <<< [apiv2][status] GET https://firebase.googleapis.com/v1beta1/projects 200
[debug] [2024-04-30T19:41:16.057Z] <<< [apiv2][body] GET https://firebase.googleapis.com/v1beta1/projects [omitted]
[info] i  Using project finalproject0-60526 (finalProject0) 
[info] 
=== Hosting Setup
[debug] [2024-04-30T19:43:33.063Z] >>> [apiv2][query] GET https://firebase.googleapis.com/v1beta1/projects/finalproject0-60526 [none]
[debug] [2024-04-30T19:43:33.412Z] <<< [apiv2][status] GET https://firebase.googleapis.com/v1beta1/projects/finalproject0-60526 200
[debug] [2024-04-30T19:43:33.412Z] <<< [apiv2][body] GET https://firebase.googleapis.com/v1beta1/projects/finalproject0-60526 {"projectId":"finalproject0-60526","projectNumber":"996914036840","displayName":"finalProject0","name":"projects/finalproject0-60526","resources":{"hostingSite":"finalproject0-60526"},"state":"ACTIVE","etag":"1_ca2e7ed8-7868-40a7-97e7-da4d0e9105dd"}
[info] 
[info] Your public directory is the folder (relative to your project directory) that
[info] will contain Hosting assets to be uploaded with firebase deploy. If you
[info] have a build process for your assets, use your build's output directory.
[info] 
